Base path: C:/Program Files (x86)/Unity/Editor/Data
Pipe name: \\.\pipe\UnityShaderCompiler-1-10056
Cmd: getPlatforms
Cmd: compileSnippet
  api=0 type=0 insize=3359 outsize=636 kw=WATER_SIMPLE ok=1
Cmd: compileSnippet
  api=0 type=1 insize=3359 outsize=1055 kw=WATER_REFRACTIVE ok=1
Cmd: compileSnippet
  api=0 type=0 insize=9506 outsize=5739 kw=WATER_REFLECTIVE WATER_VERTEX_DISPLACEMENT_ON WATER_EDGEBLEND_ON ok=1
Cmd: compileSnippet
  api=0 type=0 insize=9506 outsize=3335 kw=WATER_SIMPLE WATER_VERTEX_DISPLACEMENT_OFF WATER_EDGEBLEND_ON ok=1
Cmd: compileSnippet
  api=0 type=0 insize=9510 outsize=5083 kw=WATER_REFLECTIVE WATER_VERTEX_DISPLACEMENT_ON WATER_EDGEBLEND_ON ok=1
Cmd: compileSnippet
  api=0 type=0 insize=9510 outsize=2503 kw=WATER_SIMPLE WATER_VERTEX_DISPLACEMENT_OFF WATER_EDGEBLEND_ON ok=1
Cmd: compileSnippet
  api=0 type=1 insize=9510 outsize=6 kw=WATER_REFLECTIVE WATER_VERTEX_DISPLACEMENT_ON WATER_EDGEBLEND_ON ok=1
Cmd: compileSnippet
  api=0 type=1 insize=9510 outsize=6 kw=WATER_REFLECTIVE WATER_VERTEX_DISPLACEMENT_ON WATER_EDGEBLEND_OFF ok=1
Cmd: compileSnippet
  api=0 type=1 insize=9510 outsize=6 kw=WATER_REFLECTIVE WATER_VERTEX_DISPLACEMENT_OFF WATER_EDGEBLEND_ON ok=1
Cmd: compileSnippet
  api=0 type=1 insize=9510 outsize=6 kw=WATER_REFLECTIVE WATER_VERTEX_DISPLACEMENT_OFF WATER_EDGEBLEND_OFF ok=1
Cmd: compileSnippet
  api=0 type=0 insize=9252 outsize=543 kw= ok=1
Cmd: compileSnippet
  api=0 type=1 insize=9252 outsize=1094 kw= ok=1
Cmd: compileSnippet
  api=0 type=0 insize=1008 outsize=328 kw= ok=1
Cmd: compileSnippet
  api=0 type=1 insize=1008 outsize=259 kw= ok=1
Cmd: compileSnippet
  api=0 type=0 insize=1007 outsize=328 kw= ok=1
Cmd: compileSnippet
  api=0 type=1 insize=1007 outsize=257 kw= ok=1
Cmd: compileSnippet
  api=0 type=0 insize=1171 outsize=604 kw= ok=1
Cmd: compileSnippet
  api=0 type=1 insize=1171 outsize=466 kw= ok=1
Cmd: compileSnippet
  api=0 type=0 insize=3253 outsize=375 kw= ok=1
Cmd: compileSnippet
  api=0 type=1 insize=3253 outsize=328 kw= ok=1
Cmd: compileSnippet
  api=0 type=0 insize=3251 outsize=375 kw= ok=1
Cmd: compileSnippet
  api=0 type=1 insize=3251 outsize=256 kw= ok=1
Cmd: compileSnippet
  api=0 type=0 insize=3267 outsize=609 kw= ok=1
Cmd: compileSnippet
  api=0 type=1 insize=3267 outsize=426 kw= ok=1
Cmd: compileSnippet
  api=0 type=0 insize=3259 outsize=375 kw= ok=1
Cmd: compileSnippet
  api=0 type=1 insize=3259 outsize=213 kw= ok=1
Cmd: compileSnippet
  api=0 type=0 insize=3259 outsize=375 kw= ok=1
Cmd: compileSnippet
  api=0 type=1 insize=3259 outsize=328 kw= ok=1
Cmd: compileSnippet
  api=0 type=0 insize=3256 outsize=375 kw= ok=1
Cmd: compileSnippet
  api=0 type=1 insize=3256 outsize=256 kw= ok=1
Cmd: compileSnippet
  api=0 type=0 insize=3268 outsize=609 kw= ok=1
Cmd: compileSnippet
  api=0 type=1 insize=3268 outsize=402 kw= ok=1
Cmd: compileSnippet
  api=0 type=0 insize=3261 outsize=375 kw= ok=1
Cmd: compileSnippet
  api=0 type=1 insize=3261 outsize=214 kw= ok=1
Cmd: compileSnippet
  api=0 type=0 insize=3254 outsize=375 kw= ok=1
Cmd: compileSnippet
  api=0 type=1 insize=3254 outsize=127 kw= ok=1
Cmd: compileSnippet
  api=0 type=0 insize=3258 outsize=375 kw= ok=1
Cmd: compileSnippet
  api=0 type=1 insize=3258 outsize=197 kw= ok=1
Cmd: compileSnippet
  api=0 type=0 insize=3253 outsize=375 kw= ok=1
Cmd: compileSnippet
  api=0 type=1 insize=3253 outsize=133 kw= ok=1
Cmd: compileSnippet
  api=0 type=0 insize=4698 outsize=328 kw= ok=1
Cmd: compileSnippet
  api=0 type=1 insize=4698 outsize=296 kw= ok=1
Cmd: compileSnippet
  api=0 type=0 insize=4703 outsize=753 kw= ok=1
Cmd: compileSnippet
  api=0 type=1 insize=4703 outsize=569 kw= ok=1
Cmd: compileSnippet
  api=0 type=0 insize=4713 outsize=757 kw= ok=1
Cmd: compileSnippet
  api=0 type=1 insize=4713 outsize=852 kw= ok=1
Cmd: compileSnippet
  api=0 type=0 insize=4708 outsize=757 kw= ok=1
Cmd: compileSnippet
  api=0 type=1 insize=4708 outsize=714 kw= ok=1
Cmd: compileSnippet
  api=0 type=0 insize=4714 outsize=691 kw= ok=1
Cmd: compileSnippet
  api=0 type=1 insize=4714 outsize=994 kw= ok=1
