Base path: C:/Program Files (x86)/Unity/Editor/Data
Pipe name: \\.\pipe\UnityShaderCompiler-3-10108
Cmd: getPlatforms
Cmd: compileSnippet
  api=1 type=0 insize=1008 outsize=132 kw= ok=1
Cmd: compileSnippet
  api=8 type=1 insize=1008 outsize=1219 kw= ok=1
Cmd: compileSnippet
  api=8 type=0 insize=1007 outsize=1438 kw= ok=1
Cmd: compileSnippet
  api=1 type=0 insize=3359 outsize=449 kw=WATER_REFRACTIVE ok=1
Cmd: compileSnippet
  api=1 type=0 insize=3359 outsize=449 kw=WATER_REFLECTIVE ok=1
Cmd: compileSnippet
  api=1 type=0 insize=3359 outsize=341 kw=WATER_SIMPLE ok=1
Cmd: compileSnippet
  api=8 type=1 insize=3359 outsize=4347 kw=WATER_REFRACTIVE ok=1
Cmd: compileSnippet
  api=1 type=1 insize=3359 outsize=756 kw=WATER_REFLECTIVE ok=1
Cmd: compileSnippet
  api=1 type=1 insize=3359 outsize=679 kw=WATER_SIMPLE ok=1
Cmd: compileSnippet
  api=1 type=0 insize=1171 outsize=351 kw= ok=1
Cmd: compileSnippet
  api=8 type=1 insize=1171 outsize=1983 kw= ok=1
Cmd: compileSnippet
  api=1 type=0 insize=3253 outsize=335 kw= ok=1
Cmd: compileSnippet
  api=1 type=0 insize=3251 outsize=335 kw= ok=1
Cmd: compileSnippet
  api=8 type=1 insize=3251 outsize=1325 kw= ok=1
Cmd: compileSnippet
  api=8 type=0 insize=3267 outsize=2462 kw= ok=1
Cmd: compileSnippet
  api=8 type=1 insize=3267 outsize=2023 kw= ok=1
Cmd: compileSnippet
  api=1 type=1 insize=3259 outsize=101 kw= ok=1
Cmd: compileSnippet
  api=8 type=0 insize=3259 outsize=2023 kw= ok=1
Cmd: compileSnippet
  api=1 type=0 insize=3256 outsize=335 kw= ok=1
Cmd: compileSnippet
  api=8 type=1 insize=3256 outsize=1325 kw= ok=1
Cmd: compileSnippet
  api=1 type=1 insize=3268 outsize=242 kw= ok=1
Cmd: compileSnippet
  api=8 type=0 insize=3261 outsize=2023 kw= ok=1
Cmd: compileSnippet
  api=1 type=0 insize=3254 outsize=335 kw= ok=1
Cmd: compileSnippet
  api=1 type=1 insize=3254 outsize=66 kw= ok=1
Cmd: compileSnippet
  api=0 type=1 insize=3258 outsize=197 kw= ok=1
Cmd: compileSnippet
  api=0 type=0 insize=3253 outsize=375 kw= ok=1
Cmd: compileSnippet
  api=1 type=0 insize=9506 outsize=2566 kw=WATER_REFLECTIVE WATER_VERTEX_DISPLACEMENT_ON WATER_EDGEBLEND_ON ok=1
Cmd: compileSnippet
  api=4 type=0 insize=9506 outsize=5020 kw=WATER_SIMPLE WATER_VERTEX_DISPLACEMENT_ON WATER_EDGEBLEND_ON ok=1
Cmd: compileSnippet
  api=1 type=0 insize=9506 outsize=2566 kw=WATER_REFLECTIVE WATER_VERTEX_DISPLACEMENT_ON WATER_EDGEBLEND_OFF ok=1
Cmd: compileSnippet
  api=4 type=0 insize=9506 outsize=5020 kw=WATER_REFLECTIVE WATER_VERTEX_DISPLACEMENT_ON WATER_EDGEBLEND_OFF ok=1
Cmd: compileSnippet
  api=0 type=0 insize=9506 outsize=4899 kw=WATER_SIMPLE WATER_VERTEX_DISPLACEMENT_ON WATER_EDGEBLEND_OFF ok=1
Cmd: compileSnippet
  api=1 type=0 insize=9506 outsize=2566 kw=WATER_SIMPLE WATER_VERTEX_DISPLACEMENT_ON WATER_EDGEBLEND_OFF ok=1
Cmd: compileSnippet
  api=0 type=0 insize=9506 outsize=3335 kw=WATER_SIMPLE WATER_VERTEX_DISPLACEMENT_OFF WATER_EDGEBLEND_ON ok=1
Cmd: compileSnippet
  api=1 type=0 insize=9506 outsize=594 kw=WATER_SIMPLE WATER_VERTEX_DISPLACEMENT_OFF WATER_EDGEBLEND_OFF ok=1
Cmd: compileSnippet
  api=1 type=1 insize=9506 outsize=1421 kw=WATER_REFLECTIVE WATER_VERTEX_DISPLACEMENT_ON WATER_EDGEBLEND_ON ok=1
Cmd: compileSnippet
  api=1 type=1 insize=9506 outsize=1421 kw=WATER_REFLECTIVE WATER_VERTEX_DISPLACEMENT_OFF WATER_EDGEBLEND_ON ok=1
Cmd: compileSnippet
  api=0 type=1 insize=9506 outsize=6 kw=WATER_REFLECTIVE WATER_VERTEX_DISPLACEMENT_OFF WATER_EDGEBLEND_OFF ok=1
Cmd: compileSnippet
  api=1 type=1 insize=9506 outsize=1039 kw=WATER_SIMPLE WATER_VERTEX_DISPLACEMENT_OFF WATER_EDGEBLEND_OFF ok=1
Cmd: compileSnippet
  api=1 type=0 insize=9510 outsize=2427 kw=WATER_SIMPLE WATER_VERTEX_DISPLACEMENT_ON WATER_EDGEBLEND_ON ok=1
Cmd: compileSnippet
  api=4 type=0 insize=9510 outsize=4727 kw=WATER_REFLECTIVE WATER_VERTEX_DISPLACEMENT_ON WATER_EDGEBLEND_OFF ok=1
Cmd: compileSnippet
  api=0 type=0 insize=9510 outsize=2852 kw=WATER_REFLECTIVE WATER_VERTEX_DISPLACEMENT_OFF WATER_EDGEBLEND_ON ok=1
Cmd: compileSnippet
  api=4 type=0 insize=9510 outsize=2330 kw=WATER_SIMPLE WATER_VERTEX_DISPLACEMENT_OFF WATER_EDGEBLEND_ON ok=1
Cmd: compileSnippet
  api=4 type=0 insize=9510 outsize=2330 kw=WATER_REFLECTIVE WATER_VERTEX_DISPLACEMENT_OFF WATER_EDGEBLEND_OFF ok=1
Cmd: compileSnippet
  api=1 type=1 insize=9510 outsize=1250 kw=WATER_REFLECTIVE WATER_VERTEX_DISPLACEMENT_ON WATER_EDGEBLEND_ON ok=1
Cmd: compileSnippet
  api=1 type=1 insize=9510 outsize=1089 kw=WATER_REFLECTIVE WATER_VERTEX_DISPLACEMENT_ON WATER_EDGEBLEND_OFF ok=1
Cmd: compileSnippet
  api=0 type=1 insize=9510 outsize=6 kw=WATER_REFLECTIVE WATER_VERTEX_DISPLACEMENT_OFF WATER_EDGEBLEND_ON ok=1
Cmd: compileSnippet
  api=0 type=1 insize=9510 outsize=6 kw=WATER_SIMPLE WATER_VERTEX_DISPLACEMENT_OFF WATER_EDGEBLEND_ON ok=1
Cmd: compileSnippet
  api=1 type=1 insize=9510 outsize=1012 kw=WATER_SIMPLE WATER_VERTEX_DISPLACEMENT_OFF WATER_EDGEBLEND_ON ok=1
Cmd: compileSnippet
  api=0 type=1 insize=9510 outsize=6 kw=WATER_SIMPLE WATER_VERTEX_DISPLACEMENT_OFF WATER_EDGEBLEND_OFF ok=1
Cmd: compileSnippet
  api=1 type=0 insize=9252 outsize=231 kw= ok=1
Cmd: compileSnippet
  api=1 type=1 insize=9252 outsize=1100 kw= ok=1
Cmd: compileSnippet
  api=1 type=0 insize=4698 outsize=132 kw= ok=1
Cmd: compileSnippet
  api=8 type=1 insize=4698 outsize=1219 kw= ok=1
Cmd: compileSnippet
  api=1 type=1 insize=4703 outsize=329 kw= ok=1
Cmd: compileSnippet
  api=1 type=1 insize=4713 outsize=588 kw= ok=1
Cmd: compileSnippet
  api=8 type=0 insize=4708 outsize=2990 kw= ok=1
Cmd: compileSnippet
  api=8 type=1 insize=4708 outsize=2974 kw= ok=1
Cmd: compileSnippet
  api=1 type=0 insize=4714 outsize=452 kw= ok=1
Cmd: compileSnippet
  api=1 type=1 insize=4714 outsize=765 kw= ok=1
Unhandled exception: Readfile from pipe failed. GLE=パイプは終了しました。


Quitting shader compiler process
